<?xml version="1.0" encoding="UTF-8"?>
<!-- Generated by org.testng.reporters.JUnitReportReporter -->
<testsuite hostname="hp" failures="0" tests="2" name="qaclickacademy.SeleniumTest" time="0.002" errors="0" timestamp="2020-01-27T17:13:01 IST" skipped="0">
  <testcase classname="qaclickacademy.SeleniumTest" name="elementsUi" time="0.001"/>
  <testcase classname="qaclickacademy.SeleniumTest" name="BrowserAutomation" time="0.001"/>
</testsuite> <!-- qaclickacademy.SeleniumTest -->
