<?xml version="1.0" encoding="UTF-8"?>
<!-- Generated by org.testng.reporters.JUnitReportReporter -->
<testsuite hostname="hp" failures="0" tests="2" name="qaclickacademy.APITest" time="0.016" errors="0" timestamp="2020-01-27T17:13:01 IST" skipped="0">
  <testcase classname="qaclickacademy.APITest" name="deleteTwitter" time="0.015"/>
  <testcase classname="qaclickacademy.APITest" name="postJIRA" time="0.001"/>
</testsuite> <!-- qaclickacademy.APITest -->
