<?xml version="1.0" encoding="UTF-8"?>
<!-- Generated by org.testng.reporters.JUnitReportReporter -->
<testsuite hostname="hp" failures="0" tests="2" name="qaclickacademy.AppiumTest" time="0.006" errors="0" timestamp="2020-01-27T16:37:23 IST" skipped="0">
  <testcase classname="qaclickacademy.AppiumTest" name="IOSApps" time="0.003"/>
  <testcase classname="qaclickacademy.AppiumTest" name="NativeAppAndroid" time="0.003"/>
</testsuite> <!-- qaclickacademy.AppiumTest -->
