<?xml version="1.0" encoding="UTF-8"?>
<!-- Generated by org.testng.reporters.JUnitReportReporter -->
<testsuite hostname="hp" failures="0" tests="2" name="qaclickacademy.APITest" time="0.012" errors="0" timestamp="27 Jan 2020 11:07:52 GMT" skipped="0">
  <testcase classname="qaclickacademy.APITest" name="postJIRA" time="0.001"/>
  <testcase classname="qaclickacademy.APITest" name="deleteTwitter" time="0.011"/>
</testsuite> <!-- qaclickacademy.APITest -->
